D:\OSAMA\PROGRAMMING\PROJECTS\CSV-PARSER\CSV-PARSER\DEBUG\MAIN.OBJ
D:\OSAMA\PROGRAMMING\PROJECTS\CSV-PARSER\CSV-PARSER\DEBUG\VC110.PDB
D:\OSAMA\PROGRAMMING\PROJECTS\CSV-PARSER\CSV-PARSER\DEBUG\CSVPARSER.OBJ
D:\OSAMA\PROGRAMMING\PROJECTS\CSV-PARSER\DEBUG\CSV-PARSER.ILK
D:\OSAMA\PROGRAMMING\PROJECTS\CSV-PARSER\DEBUG\CSV-PARSER.EXE
D:\OSAMA\PROGRAMMING\PROJECTS\CSV-PARSER\DEBUG\CSV-PARSER.PDB
D:\Osama\Programming\Projects\CSV-Parser\CSV-Parser\Debug\CsvParser.obj
D:\Osama\Programming\Projects\CSV-Parser\CSV-Parser\Debug\main.obj
D:\Osama\Programming\Projects\CSV-Parser\CSV-Parser\Debug\cl.command.1.tlog
D:\Osama\Programming\Projects\CSV-Parser\CSV-Parser\Debug\CL.read.1.tlog
D:\Osama\Programming\Projects\CSV-Parser\CSV-Parser\Debug\CL.write.1.tlog
D:\Osama\Programming\Projects\CSV-Parser\CSV-Parser\Debug\link-cvtres.read.1.tlog
D:\Osama\Programming\Projects\CSV-Parser\CSV-Parser\Debug\link-cvtres.write.1.tlog
D:\Osama\Programming\Projects\CSV-Parser\CSV-Parser\Debug\link-rc.read.1.tlog
D:\Osama\Programming\Projects\CSV-Parser\CSV-Parser\Debug\link-rc.write.1.tlog
D:\Osama\Programming\Projects\CSV-Parser\CSV-Parser\Debug\link.command.1.tlog
D:\Osama\Programming\Projects\CSV-Parser\CSV-Parser\Debug\link.read.1.tlog
D:\Osama\Programming\Projects\CSV-Parser\CSV-Parser\Debug\link.write.1.tlog
D:\Osama\Programming\Projects\CSV-Parser\CSV-Parser\Debug\vc110.idb
D:\Osama\Programming\Projects\CSV-Parser\CSV-Parser\Debug\vc110.pdb
D:\Osama\Programming\Projects\CSV-Parser\Debug\CSV-Parser.pdb
D:\Osama\Programming\Projects\CSV-Parser\Debug\CSV-Parser.exe
D:\Osama\Programming\Projects\CSV-Parser\Debug\CSV-Parser.ilk
